mode: count
fmt/errors.go:17.44,23.25 6 13
fmt/errors.go:28.2,29.12 2 13
fmt/errors.go:23.25,25.3 1 8
fmt/errors.go:25.8,27.3 1 5
fmt/errors.go:37.36,39.2 1 5
fmt/errors.go:41.36,43.2 1 5
fmt/format.go:54.28,56.2 1 14731
fmt/format.go:58.33,61.2 2 6377
fmt/format.go:64.35,65.12 1 7217
fmt/format.go:68.2,72.23 4 7192
fmt/format.go:77.2,78.12 2 7192
fmt/format.go:82.2,83.25 2 7192
fmt/format.go:86.2,86.23 1 7192
fmt/format.go:65.12,67.3 1 25
fmt/format.go:72.23,75.3 2 0
fmt/format.go:78.12,80.3 1 1786
fmt/format.go:83.25,85.3 1 38654
fmt/format.go:90.29,91.33 1 8207
fmt/format.go:95.2,96.14 2 5535
fmt/format.go:91.33,94.3 2 2684
fmt/format.go:96.14,100.3 2 5463
fmt/format.go:100.8,104.3 2 72
fmt/format.go:108.35,109.33 1 532
fmt/format.go:113.2,114.14 2 18
fmt/format.go:109.33,112.3 2 516
fmt/format.go:114.14,118.3 2 12
fmt/format.go:118.8,122.3 2 6
fmt/format.go:126.34,127.7 1 11
fmt/format.go:127.7,129.3 1 9
fmt/format.go:129.8,131.3 1 2
fmt/format.go:135.36,142.33 3 22
fmt/format.go:152.2,155.62 2 22
fmt/format.go:166.2,166.14 1 22
fmt/format.go:172.2,176.15 4 22
fmt/format.go:182.2,190.18 8 22
fmt/format.go:142.33,146.23 3 6
fmt/format.go:146.23,148.4 1 2
fmt/format.go:155.62,164.3 8 10
fmt/format.go:166.14,171.3 4 59
fmt/format.go:176.15,180.3 3 159
fmt/format.go:194.87,196.14 2 2373
fmt/format.go:200.2,203.35 2 2379
fmt/format.go:215.2,216.19 2 2385
fmt/format.go:236.2,239.14 2 2386
fmt/format.go:268.2,270.33 3 2392
fmt/format.go:276.2,276.13 1 2398
fmt/format.go:297.2,297.17 1 2404
fmt/format.go:304.2,304.14 1 2410
fmt/format.go:317.2,320.18 4 2416
fmt/format.go:196.14,198.3 1 21
fmt/format.go:203.35,206.23 2 85
fmt/format.go:206.23,209.4 1 7
fmt/format.go:216.19,219.26 2 27
fmt/format.go:219.26,225.4 5 5
fmt/format.go:226.8,226.35 1 2430
fmt/format.go:226.35,228.36 2 20
fmt/format.go:228.36,230.4 1 2
fmt/format.go:240.10,241.15 1 2344
fmt/format.go:247.10,248.15 1 90
fmt/format.go:253.9,254.14 1 23
fmt/format.go:259.9,260.14 1 13
fmt/format.go:265.10,266.43 1 0
fmt/format.go:241.15,246.4 4 3674
fmt/format.go:248.15,252.4 3 234
fmt/format.go:254.14,258.4 3 76
fmt/format.go:260.14,264.4 3 214
fmt/format.go:270.33,273.3 2 600
fmt/format.go:276.13,277.15 1 91
fmt/format.go:278.10,283.16 4 2
fmt/format.go:284.10,285.21 1 9
fmt/format.go:289.11,294.16 4 74
fmt/format.go:285.21,288.5 2 8
fmt/format.go:297.17,302.3 4 2
fmt/format.go:304.14,307.3 2 21
fmt/format.go:307.8,307.19 1 2551
fmt/format.go:307.19,310.3 2 10
fmt/format.go:310.8,310.20 1 2553
fmt/format.go:310.20,313.3 2 14
fmt/format.go:324.47,325.19 1 662
fmt/format.go:334.2,334.10 1 648
fmt/format.go:325.19,327.20 2 17
fmt/format.go:327.20,329.13 2 67
fmt/format.go:329.13,331.5 1 15
fmt/format.go:338.41,339.19 1 19
fmt/format.go:353.2,353.10 1 16
fmt/format.go:339.19,341.27 2 4
fmt/format.go:341.27,343.13 2 19
fmt/format.go:346.4,347.29 2 16
fmt/format.go:350.4,350.12 1 16
fmt/format.go:343.13,345.5 1 3
fmt/format.go:347.29,349.5 1 11
fmt/format.go:357.30,360.2 2 567
fmt/format.go:363.31,366.2 2 19
fmt/format.go:369.57,371.14 2 100
fmt/format.go:376.2,376.38 1 100
fmt/format.go:380.2,381.15 2 100
fmt/format.go:400.2,400.47 1 80
fmt/format.go:404.2,405.13 2 80
fmt/format.go:409.2,410.30 2 80
fmt/format.go:427.2,429.46 2 80
fmt/format.go:371.14,374.3 1 47
fmt/format.go:376.38,378.3 1 4
fmt/format.go:381.15,382.14 1 80
fmt/format.go:382.14,384.15 1 32
fmt/format.go:388.4,388.23 1 32
fmt/format.go:384.15,386.5 1 15
fmt/format.go:389.9,389.21 1 48
fmt/format.go:389.21,392.4 1 15
fmt/format.go:393.8,394.19 1 20
fmt/format.go:397.3,397.9 1 20
fmt/format.go:394.19,396.4 1 12
fmt/format.go:400.47,402.3 1 32
fmt/format.go:405.13,408.3 1 30
fmt/format.go:410.30,411.23 1 201
fmt/format.go:419.3,419.15 1 201
fmt/format.go:425.3,425.49 1 201
fmt/format.go:411.23,414.15 2 34
fmt/format.go:414.15,417.5 1 17
fmt/format.go:419.15,421.4 1 113
fmt/format.go:421.9,423.4 1 88
fmt/format.go:429.46,431.3 1 8
fmt/format.go:435.39,437.2 1 47
fmt/format.go:440.46,442.2 1 53
fmt/format.go:447.30,449.40 2 108
fmt/format.go:453.2,454.12 2 94
fmt/format.go:449.40,452.3 2 14
fmt/format.go:454.12,456.3 1 14
fmt/format.go:456.8,458.3 1 80
fmt/format.go:463.30,465.22 2 26
fmt/format.go:468.2,470.16 3 26
fmt/format.go:465.22,467.3 1 4
fmt/format.go:475.31,477.22 2 34
fmt/format.go:480.2,481.12 2 34
fmt/format.go:477.22,479.3 1 4
fmt/format.go:481.12,483.3 1 12
fmt/format.go:483.8,485.3 1 22
fmt/format.go:490.66,492.19 1 7389
fmt/format.go:496.2,497.36 2 7389
fmt/format.go:504.2,504.41 1 7389
fmt/format.go:509.2,509.36 1 7389
fmt/format.go:522.2,522.28 1 3872
fmt/format.go:579.2,579.29 1 3872
fmt/format.go:592.2,592.16 1 535
fmt/format.go:492.19,494.3 1 7201
fmt/format.go:497.36,499.3 1 3560
fmt/format.go:499.8,501.3 1 3829
fmt/format.go:504.41,506.3 1 591
fmt/format.go:509.36,513.43 3 3517
fmt/format.go:516.3,518.9 3 3517
fmt/format.go:513.43,515.4 1 153
fmt/format.go:522.28,524.15 2 68
fmt/format.go:535.3,541.33 5 68
fmt/format.go:565.3,565.23 1 68
fmt/format.go:572.3,572.18 1 68
fmt/format.go:576.3,576.29 1 68
fmt/format.go:525.27,528.20 2 52
fmt/format.go:528.20,530.5 1 15
fmt/format.go:541.33,542.18 1 250
fmt/format.go:543.13,544.27 1 27
fmt/format.go:545.18,547.18 2 8
fmt/format.go:548.18,549.35 1 25
fmt/format.go:554.5,554.16 1 2
fmt/format.go:555.12,556.22 1 192
fmt/format.go:560.5,560.24 1 192
fmt/format.go:549.35,552.11 3 23
fmt/format.go:556.22,558.6 1 133
fmt/format.go:560.24,562.6 1 173
fmt/format.go:565.23,567.38 1 41
fmt/format.go:570.4,570.26 1 41
fmt/format.go:567.38,569.5 1 6
fmt/format.go:572.18,575.4 2 89
fmt/format.go:579.29,582.49 1 3337
fmt/format.go:588.3,589.9 2 1730
fmt/format.go:582.49,587.4 4 1607
fmt/print.go:77.34,79.2 1 10772
fmt/print.go:81.40,83.2 1 9981
fmt/print.go:85.36,87.2 1 4243
fmt/print.go:89.37,90.23 1 8942
fmt/print.go:95.2,97.29 3 26
fmt/print.go:100.2,101.15 2 26
fmt/print.go:90.23,93.3 2 8916
fmt/print.go:97.29,99.3 1 0
fmt/print.go:132.18,132.36 1 4
fmt/print.go:136.23,143.2 6 6553
fmt/print.go:146.21,153.25 1 6554
fmt/print.go:157.2,161.15 5 6555
fmt/print.go:153.25,155.3 1 0
fmt/print.go:164.41,164.79 1 60
fmt/print.go:166.46,166.86 1 60
fmt/print.go:168.31,169.11 1 7680
fmt/print.go:181.2,181.14 1 7380
fmt/print.go:170.11,171.21 1 60
fmt/print.go:172.11,173.35 1 60
fmt/print.go:174.11,175.37 1 60
fmt/print.go:176.11,177.21 1 60
fmt/print.go:178.11,179.20 1 60
fmt/print.go:186.51,189.2 2 16
fmt/print.go:193.57,196.2 2 63
fmt/print.go:202.71,208.2 5 1984
fmt/print.go:212.57,214.2 1 58
fmt/print.go:217.46,223.2 5 4531
fmt/print.go:230.55,236.2 5 14
fmt/print.go:241.41,243.2 1 3
fmt/print.go:247.30,253.2 5 12
fmt/print.go:262.57,268.2 5 10
fmt/print.go:273.43,275.2 1 9
fmt/print.go:279.32,285.2 5 4
fmt/print.go:290.53,292.53 2 54
fmt/print.go:295.2,295.12 1 54
fmt/print.go:292.53,294.3 1 3
fmt/print.go:300.27,303.2 2 16428
fmt/print.go:306.73,307.18 1 12548
fmt/print.go:310.2,310.75 1 11514
fmt/print.go:317.2,317.8 1 11509
fmt/print.go:307.18,309.3 1 1034
fmt/print.go:310.75,311.20 1 16396
fmt/print.go:314.3,315.15 2 16391
fmt/print.go:311.20,313.4 1 5
fmt/print.go:320.43,321.18 1 0
fmt/print.go:325.2,327.22 3 0
fmt/print.go:321.18,324.3 2 0
fmt/print.go:330.33,335.9 5 42
fmt/print.go:347.2,348.20 2 42
fmt/print.go:336.20,339.25 3 16
fmt/print.go:340.25,343.32 3 18
fmt/print.go:344.10,345.36 1 8
fmt/print.go:351.41,352.14 1 12
fmt/print.go:353.16,354.22 1 11
fmt/print.go:355.10,356.18 1 1
fmt/print.go:362.48,367.2 4 68
fmt/print.go:370.61,371.14 1 3537
fmt/print.go:372.11,373.32 1 205
fmt/print.go:378.11,379.51 1 3188
fmt/print.go:380.11,381.50 1 13
fmt/print.go:382.16,383.50 1 23
fmt/print.go:384.11,385.51 1 14
fmt/print.go:386.11,387.51 1 8
fmt/print.go:388.11,389.16 1 26
fmt/print.go:390.11,391.17 1 34
fmt/print.go:392.11,393.22 1 22
fmt/print.go:394.10,395.18 1 16
fmt/print.go:373.32,375.4 1 26
fmt/print.go:375.9,377.4 1 179
fmt/print.go:401.55,402.14 1 7392
fmt/print.go:403.11,404.35 1 62
fmt/print.go:405.31,406.36 1 2451
fmt/print.go:407.21,408.35 1 3717
fmt/print.go:409.11,410.34 1 1159
fmt/print.go:411.10,412.18 1 3
fmt/print.go:419.60,422.14 1 1827
fmt/print.go:423.56,431.23 7 1825
fmt/print.go:432.10,433.18 1 2
fmt/print.go:437.45,438.14 1 862
fmt/print.go:439.11,440.19 1 161
fmt/print.go:445.11,446.16 1 575
fmt/print.go:447.11,448.26 1 38
fmt/print.go:449.11,450.26 1 9
fmt/print.go:451.11,452.16 1 78
fmt/print.go:453.10,454.18 1 3
fmt/print.go:440.19,442.4 1 18
fmt/print.go:442.9,444.4 1 143
fmt/print.go:458.63,459.14 1 108
fmt/print.go:460.16,461.19 1 22
fmt/print.go:485.11,486.17 1 19
fmt/print.go:487.11,488.26 1 40
fmt/print.go:489.11,490.26 1 13
fmt/print.go:491.11,492.24 1 12
fmt/print.go:493.10,494.44 1 2
fmt/print.go:461.19,463.16 2 11
fmt/print.go:467.4,468.24 2 9
fmt/print.go:474.4,474.24 1 9
fmt/print.go:463.16,466.5 2 2
fmt/print.go:468.24,469.14 1 18
fmt/print.go:472.5,472.31 1 18
fmt/print.go:469.14,471.6 1 12
fmt/print.go:475.9,477.24 2 11
fmt/print.go:483.4,483.24 1 11
fmt/print.go:477.24,478.14 1 32
fmt/print.go:481.5,481.61 1 32
fmt/print.go:478.14,480.6 1 22
fmt/print.go:498.57,500.22 2 39
fmt/print.go:508.2,508.14 1 38
fmt/print.go:501.102,502.22 1 38
fmt/print.go:503.10,505.9 2 1
fmt/print.go:509.11,510.19 1 13
fmt/print.go:527.11,528.37 1 15
fmt/print.go:529.31,530.42 1 5
fmt/print.go:531.10,532.18 1 5
fmt/print.go:510.19,514.14 4 5
fmt/print.go:519.4,519.24 1 5
fmt/print.go:514.14,516.5 1 1
fmt/print.go:516.10,518.5 1 4
fmt/print.go:520.9,521.14 1 8
fmt/print.go:521.14,523.5 1 3
fmt/print.go:523.10,525.5 1 5
fmt/print.go:536.60,537.34 1 143
fmt/print.go:537.34,541.74 1 11
fmt/print.go:547.3,547.18 1 8
fmt/print.go:552.3,566.28 12 8
fmt/print.go:541.74,544.4 2 3
fmt/print.go:547.18,549.14 1 0
fmt/print.go:570.54,571.16 1 653
fmt/print.go:574.2,574.17 1 645
fmt/print.go:590.2,590.44 1 642
fmt/print.go:598.2,598.18 1 560
fmt/print.go:631.2,631.14 1 499
fmt/print.go:571.16,573.3 1 8
fmt/print.go:574.17,578.48 2 10
fmt/print.go:584.3,586.13 2 7
fmt/print.go:578.48,583.4 4 3
fmt/print.go:590.44,595.3 4 82
fmt/print.go:598.18,599.45 1 117
fmt/print.go:599.45,605.4 4 9
fmt/print.go:606.8,610.15 1 443
fmt/print.go:611.32,616.29 1 359
fmt/print.go:617.15,621.11 4 13
fmt/print.go:623.18,627.11 4 39
fmt/print.go:634.43,638.16 3 10609
fmt/print.go:650.2,650.14 1 10602
fmt/print.go:660.2,660.25 1 10585
fmt/print.go:638.16,639.15 1 14
fmt/print.go:645.3,645.9 1 14
fmt/print.go:640.17,641.35 1 6
fmt/print.go:642.11,643.19 1 8
fmt/print.go:651.11,653.9 2 8
fmt/print.go:654.11,656.9 2 16
fmt/print.go:661.12,662.21 1 5
fmt/print.go:663.15,664.35 1 14
fmt/print.go:665.15,666.26 1 3712
fmt/print.go:667.17,668.40 1 7
fmt/print.go:669.18,670.29 1 1810
fmt/print.go:671.11,672.40 1 1833
fmt/print.go:673.12,674.40 1 2
fmt/print.go:675.13,676.40 1 2
fmt/print.go:677.13,678.40 1 65
fmt/print.go:679.13,680.40 1 340
fmt/print.go:681.12,682.42 1 9
fmt/print.go:683.13,684.42 1 2
fmt/print.go:685.14,686.42 1 678
fmt/print.go:687.14,688.42 1 1022
fmt/print.go:689.14,690.34 1 8
fmt/print.go:691.15,692.42 1 1
fmt/print.go:693.14,694.23 1 826
fmt/print.go:695.14,696.32 1 93
fmt/print.go:697.21,700.38 1 10
fmt/print.go:706.3,706.27 1 9
fmt/print.go:707.10,709.29 1 283
fmt/print.go:700.38,702.29 2 7
fmt/print.go:702.29,704.5 1 1
fmt/print.go:709.29,713.4 1 185
fmt/print.go:719.68,721.58 1 617
fmt/print.go:727.2,730.34 3 570
fmt/print.go:721.58,723.28 2 363
fmt/print.go:723.28,725.4 1 47
fmt/print.go:731.23,732.17 1 2
fmt/print.go:742.20,743.28 1 7
fmt/print.go:744.78,745.46 1 122
fmt/print.go:746.100,747.41 1 96
fmt/print.go:748.23,749.34 1 1
fmt/print.go:750.23,751.34 1 15
fmt/print.go:752.25,753.38 1 4
fmt/print.go:754.26,755.39 1 6
fmt/print.go:756.22,757.32 1 77
fmt/print.go:758.19,759.19 1 16
fmt/print.go:769.3,770.34 2 15
fmt/print.go:782.3,782.19 1 15
fmt/print.go:787.22,788.19 1 24
fmt/print.go:791.3,792.37 2 24
fmt/print.go:808.3,808.23 1 24
fmt/print.go:809.25,811.23 2 43
fmt/print.go:821.36,822.15 1 113
fmt/print.go:845.3,845.19 1 98
fmt/print.go:869.23,872.37 1 38
fmt/print.go:880.3,880.14 1 17
fmt/print.go:881.57,882.24 1 23
fmt/print.go:883.10,884.19 1 0
fmt/print.go:732.17,734.4 1 2
fmt/print.go:734.9,735.16 1 0
fmt/print.go:736.13,737.38 1 0
fmt/print.go:738.12,739.20 1 0
fmt/print.go:759.19,761.17 2 5
fmt/print.go:765.4,765.24 1 4
fmt/print.go:761.17,764.5 2 1
fmt/print.go:766.9,768.4 1 11
fmt/print.go:770.34,771.13 1 24
fmt/print.go:778.4,780.48 3 24
fmt/print.go:771.13,772.21 1 13
fmt/print.go:772.21,774.6 1 1
fmt/print.go:774.11,776.6 1 12
fmt/print.go:782.19,784.4 1 4
fmt/print.go:784.9,786.4 1 11
fmt/print.go:788.19,790.4 1 7
fmt/print.go:792.37,793.13 1 54
fmt/print.go:800.4,800.35 1 54
fmt/print.go:806.4,806.47 1 54
fmt/print.go:793.13,794.21 1 31
fmt/print.go:794.21,796.6 1 10
fmt/print.go:796.11,798.6 1 21
fmt/print.go:800.35,801.51 1 37
fmt/print.go:801.51,804.6 2 37
fmt/print.go:811.23,812.20 1 7
fmt/print.go:812.20,815.5 2 3
fmt/print.go:815.10,817.5 1 4
fmt/print.go:818.9,820.4 1 36
fmt/print.go:823.27,826.40 2 20
fmt/print.go:826.40,828.34 2 15
fmt/print.go:841.5,842.11 2 15
fmt/print.go:828.34,830.6 1 13
fmt/print.go:830.11,830.27 1 2
fmt/print.go:830.27,832.6 1 1
fmt/print.go:832.11,837.27 2 1
fmt/print.go:837.27,839.7 1 3
fmt/print.go:845.19,847.46 2 23
fmt/print.go:851.4,852.33 2 21
fmt/print.go:858.4,858.24 1 21
fmt/print.go:847.46,850.5 2 2
fmt/print.go:852.33,853.14 1 57
fmt/print.go:856.5,856.44 1 57
fmt/print.go:853.14,855.6 1 41
fmt/print.go:859.9,861.33 2 75
fmt/print.go:867.4,867.24 1 75
fmt/print.go:861.33,862.14 1 187
fmt/print.go:865.5,865.44 1 187
fmt/print.go:862.14,864.6 1 113
fmt/print.go:872.37,873.35 1 32
fmt/print.go:874.67,877.11 3 21
fmt/print.go:889.75,891.21 2 32
fmt/print.go:918.2,918.8 1 32
fmt/print.go:891.21,893.13 2 32
fmt/print.go:912.3,913.20 2 32
fmt/print.go:893.13,895.53 1 9
fmt/print.go:896.80,898.27 2 1
fmt/print.go:902.102,904.45 2 6
fmt/print.go:908.12,908.12 0 2
fmt/print.go:898.27,901.6 2 1
fmt/print.go:904.45,907.6 2 4
fmt/print.go:913.20,916.4 2 4
fmt/print.go:927.66,929.21 1 35
fmt/print.go:934.2,934.35 1 33
fmt/print.go:943.2,943.20 1 0
fmt/print.go:929.21,931.3 1 2
fmt/print.go:934.35,935.23 1 67
fmt/print.go:935.23,937.24 2 33
fmt/print.go:940.4,940.33 1 31
fmt/print.go:937.24,939.5 1 2
fmt/print.go:949.105,950.42 1 17090
fmt/print.go:953.2,955.41 3 35
fmt/print.go:958.2,959.28 2 10
fmt/print.go:950.42,952.3 1 17055
fmt/print.go:955.41,957.3 1 25
fmt/print.go:962.35,966.2 3 11
fmt/print.go:968.36,972.2 3 1
fmt/print.go:974.47,980.23 5 6782
fmt/print.go:1130.2,1130.37 1 6783
fmt/print.go:980.23,983.35 3 13949
fmt/print.go:986.3,986.16 1 13957
fmt/print.go:989.3,989.15 1 13965
fmt/print.go:995.3,1000.22 3 11494
fmt/print.go:1037.3,1040.34 2 5795
fmt/print.go:1064.3,1064.36 1 5795
fmt/print.go:1091.3,1091.18 1 5795
fmt/print.go:1095.3,1095.15 1 5795
fmt/print.go:1100.3,1101.28 2 5785
fmt/print.go:1104.3,1106.10 2 5785
fmt/print.go:983.35,985.4 1 12456
fmt/print.go:986.16,988.4 1 9070
fmt/print.go:989.15,991.9 1 2488
fmt/print.go:1000.22,1002.13 2 19975
fmt/print.go:1003.13,1004.23 1 218
fmt/print.go:1005.13,1006.30 1 2697
fmt/print.go:1007.13,1008.22 1 3584
fmt/print.go:1009.13,1011.23 2 95
fmt/print.go:1012.13,1013.23 1 1818
fmt/print.go:1014.12,1017.48 1 11605
fmt/print.go:1032.5,1032.23 1 5794
fmt/print.go:1017.48,1018.18 1 5825
fmt/print.go:1026.6,1029.25 4 5832
fmt/print.go:1018.18,1025.7 4 159
fmt/print.go:1040.34,1044.25 3 21
fmt/print.go:1050.4,1050.21 1 21
fmt/print.go:1055.4,1055.22 1 21
fmt/print.go:1044.25,1046.5 1 3
fmt/print.go:1050.21,1054.5 3 2
fmt/print.go:1056.9,1058.38 2 5774
fmt/print.go:1058.38,1060.5 1 1
fmt/print.go:1064.36,1066.18 2 5517
fmt/print.go:1069.4,1070.35 2 5517
fmt/print.go:1066.18,1068.5 1 1
fmt/print.go:1070.35,1074.23 3 11
fmt/print.go:1078.5,1078.27 1 11
fmt/print.go:1081.5,1081.23 1 11
fmt/print.go:1074.23,1077.6 2 1
fmt/print.go:1078.27,1080.6 1 6
fmt/print.go:1082.10,1084.27 2 5506
fmt/print.go:1084.27,1087.6 2 12
fmt/print.go:1091.18,1093.4 1 5778
fmt/print.go:1095.15,1097.9 2 10
fmt/print.go:1101.28,1103.4 1 22
fmt/print.go:1107.20,1108.24 1 1
fmt/print.go:1109.22,1110.21 1 11
fmt/print.go:1111.25,1112.22 1 1
fmt/print.go:1113.20,1120.15 5 34
fmt/print.go:1121.11,1123.12 2 5772
fmt/print.go:1130.37,1133.34 3 10
fmt/print.go:1145.3,1145.23 1 10
fmt/print.go:1133.34,1134.13 1 10
fmt/print.go:1137.4,1137.18 1 10
fmt/print.go:1134.13,1136.5 1 0
fmt/print.go:1137.18,1139.5 1 1
fmt/print.go:1139.10,1143.5 3 9
fmt/print.go:1149.31,1151.29 2 26
fmt/print.go:1151.29,1154.45 2 48
fmt/print.go:1157.3,1158.24 2 48
fmt/print.go:1154.45,1156.4 1 3
fmt/print.go:1164.33,1165.29 1 14
fmt/print.go:1171.2,1171.23 1 14
fmt/print.go:1165.29,1166.17 1 37
fmt/print.go:1169.3,1169.23 1 37
fmt/print.go:1166.17,1168.4 1 23
fmt/scan.go:63.40,65.2 1 0
fmt/scan.go:69.42,71.2 1 0
fmt/scan.go:80.56,82.2 1 0
fmt/scan.go:86.58,89.12 3 1400
fmt/scan.go:92.2,92.8 1 1400
fmt/scan.go:89.12,91.3 1 96
fmt/scan.go:99.53,101.2 1 22
fmt/scan.go:105.55,107.2 1 7
fmt/scan.go:113.69,115.2 1 251
fmt/scan.go:121.54,126.2 4 1988
fmt/scan.go:130.56,135.2 4 353
fmt/scan.go:141.70,146.2 4 1161
fmt/scan.go:179.50,181.2 1 0
fmt/scan.go:183.55,184.38 1 3546521
fmt/scan.go:189.2,190.16 2 3546360
fmt/scan.go:198.2,198.8 1 3546360
fmt/scan.go:184.38,187.3 2 161
fmt/scan.go:190.16,192.29 2 3545416
fmt/scan.go:192.29,194.4 1 666
fmt/scan.go:195.8,195.26 1 944
fmt/scan.go:195.26,197.3 1 944
fmt/scan.go:201.41,202.25 1 0
fmt/scan.go:205.2,205.23 1 0
fmt/scan.go:202.25,204.3 1 0
fmt/scan.go:210.33,212.16 2 28563
fmt/scan.go:218.2,218.8 1 28260
fmt/scan.go:212.16,213.20 1 303
fmt/scan.go:216.3,216.15 1 0
fmt/scan.go:213.20,215.4 1 303
fmt/scan.go:224.38,226.14 2 1161
fmt/scan.go:229.2,229.8 1 1157
fmt/scan.go:226.14,228.3 1 4
fmt/scan.go:232.33,237.2 4 2258818
fmt/scan.go:239.31,240.23 1 10
fmt/scan.go:243.38,244.35 1 86
fmt/scan.go:247.79,248.15 1 30
fmt/scan.go:257.2,257.14 1 30
fmt/scan.go:260.2,262.8 3 30
fmt/scan.go:248.15,249.31 1 30
fmt/scan.go:249.31,250.35 1 0
fmt/scan.go:250.35,252.5 1 0
fmt/scan.go:252.10,253.13 1 0
fmt/scan.go:257.14,259.3 1 12
fmt/scan.go:280.27,281.16 1 1122490
fmt/scan.go:284.2,285.28 2 73914
fmt/scan.go:293.2,293.14 1 53292
fmt/scan.go:281.16,283.3 1 1048576
fmt/scan.go:285.28,286.18 1 640859
fmt/scan.go:289.3,289.19 1 620950
fmt/scan.go:286.18,288.4 1 19909
fmt/scan.go:289.19,291.4 1 713
fmt/scan.go:297.28,299.2 1 465
fmt/scan.go:314.51,315.19 1 4658
fmt/scan.go:321.2,322.12 2 4655
fmt/scan.go:325.2,325.26 1 4525
fmt/scan.go:315.19,320.3 4 3
fmt/scan.go:322.12,324.3 1 130
fmt/scan.go:330.62,331.21 1 9875
fmt/scan.go:337.2,338.16 2 4636
fmt/scan.go:341.2,341.30 1 4509
fmt/scan.go:348.2,349.44 2 16
fmt/scan.go:359.2,360.14 2 16
fmt/scan.go:365.2,366.8 2 16
fmt/scan.go:331.21,336.3 4 5239
fmt/scan.go:338.16,340.3 1 127
fmt/scan.go:341.30,347.3 4 4493
fmt/scan.go:349.44,351.17 2 22
fmt/scan.go:351.17,352.21 1 3
fmt/scan.go:356.4,356.10 1 0
fmt/scan.go:352.21,354.10 2 3
fmt/scan.go:360.14,363.3 2 3
fmt/scan.go:369.39,370.21 1 5588
fmt/scan.go:374.2,375.12 2 5588
fmt/scan.go:370.21,372.3 1 0
fmt/scan.go:379.18,379.36 1 801
fmt/scan.go:383.76,385.38 2 3502
fmt/scan.go:390.2,398.8 9 3502
fmt/scan.go:385.38,387.3 1 2630
fmt/scan.go:387.8,389.3 1 872
fmt/scan.go:402.30,404.19 1 3502
fmt/scan.go:409.2,409.23 1 3502
fmt/scan.go:412.2,414.15 3 3502
fmt/scan.go:404.19,407.3 2 0
fmt/scan.go:409.23,411.3 1 0
fmt/scan.go:420.26,421.6 1 4036
fmt/scan.go:421.6,423.15 2 4194
fmt/scan.go:426.3,426.32 1 4113
fmt/scan.go:429.3,429.16 1 4113
fmt/scan.go:436.3,436.18 1 4105
fmt/scan.go:423.15,425.4 1 81
fmt/scan.go:426.32,427.12 1 0
fmt/scan.go:429.16,430.19 1 8
fmt/scan.go:433.4,434.10 2 4
fmt/scan.go:430.19,431.13 1 4
fmt/scan.go:436.18,438.9 2 3951
fmt/scan.go:446.62,447.15 1 123
fmt/scan.go:451.2,451.6 1 123
fmt/scan.go:462.2,462.14 1 123
fmt/scan.go:447.15,449.3 1 123
fmt/scan.go:451.6,453.15 2 582
fmt/scan.go:456.3,456.12 1 535
fmt/scan.go:460.3,460.21 1 459
fmt/scan.go:453.15,454.9 1 47
fmt/scan.go:456.12,458.9 2 76
fmt/scan.go:468.38,469.22 1 17104
fmt/scan.go:474.2,474.11 1 8484
fmt/scan.go:469.22,470.13 1 79935
fmt/scan.go:470.13,472.4 1 8620
fmt/scan.go:479.51,481.14 2 14456
fmt/scan.go:484.2,484.27 1 14363
fmt/scan.go:490.2,490.24 1 6036
fmt/scan.go:493.2,493.14 1 6036
fmt/scan.go:481.14,483.3 1 93
fmt/scan.go:484.27,485.13 1 8327
fmt/scan.go:488.3,488.14 1 8327
fmt/scan.go:485.13,487.4 1 8323
fmt/scan.go:490.24,492.3 1 6036
fmt/scan.go:497.35,499.14 2 2469
fmt/scan.go:502.2,502.30 1 2469
fmt/scan.go:499.14,501.3 1 2463
fmt/scan.go:505.23,507.32 1 4963
fmt/scan.go:510.2,510.16 1 4921
fmt/scan.go:507.32,508.16 1 42
fmt/scan.go:515.37,517.2 1 14390
fmt/scan.go:520.58,521.28 1 2690
fmt/scan.go:526.2,527.14 2 4
fmt/scan.go:521.28,522.16 1 17138
fmt/scan.go:522.16,524.4 1 2686
fmt/scan.go:531.39,534.38 3 45
fmt/scan.go:538.2,538.21 1 41
fmt/scan.go:554.2,554.14 1 0
fmt/scan.go:534.38,536.3 1 0
fmt/scan.go:539.11,540.15 1 0
fmt/scan.go:541.11,542.14 1 0
fmt/scan.go:543.16,544.61 1 19
fmt/scan.go:547.3,547.14 1 19
fmt/scan.go:548.16,549.80 1 22
fmt/scan.go:552.3,552.15 1 22
fmt/scan.go:544.61,546.4 1 0
fmt/scan.go:549.80,551.4 1 0
fmt/scan.go:569.59,573.14 4 2317
fmt/scan.go:584.2,584.8 1 2313
fmt/scan.go:574.11,576.24 2 3
fmt/scan.go:577.11,579.23 2 5
fmt/scan.go:580.21,582.29 2 8
fmt/scan.go:588.64,589.17 1 2313
fmt/scan.go:595.2,595.23 1 2313
fmt/scan.go:597.2,597.22 1 2313
fmt/scan.go:589.17,591.24 2 2183
fmt/scan.go:591.24,593.4 1 0
fmt/scan.go:595.24,596.3 0 4200
fmt/scan.go:601.42,606.19 5 39
fmt/scan.go:609.2,609.17 1 35
fmt/scan.go:606.19,608.3 1 4
fmt/scan.go:615.73,616.18 1 2109
fmt/scan.go:619.2,621.9 2 130
fmt/scan.go:616.18,618.3 1 1979
fmt/scan.go:622.20,624.37 2 2
fmt/scan.go:625.20,627.36 2 26
fmt/scan.go:628.20,630.42 2 34
fmt/scan.go:631.10,632.36 1 68
fmt/scan.go:638.52,639.17 1 2193
fmt/scan.go:642.2,646.17 5 2157
fmt/scan.go:656.2,658.16 3 2141
fmt/scan.go:661.2,663.12 3 2141
fmt/scan.go:666.2,666.10 1 2137
fmt/scan.go:639.17,641.3 1 36
fmt/scan.go:646.17,647.55 1 1
fmt/scan.go:647.55,649.4 1 0
fmt/scan.go:650.8,652.18 2 2140
fmt/scan.go:652.18,654.4 1 1960
fmt/scan.go:658.16,660.3 1 0
fmt/scan.go:663.12,665.3 1 4
fmt/scan.go:671.54,672.17 1 179
fmt/scan.go:675.2,679.17 5 176
fmt/scan.go:686.2,688.16 3 172
fmt/scan.go:691.2,693.12 3 172
fmt/scan.go:696.2,696.10 1 170
fmt/scan.go:672.17,674.3 1 3
fmt/scan.go:679.17,680.55 1 1
fmt/scan.go:680.55,682.4 1 0
fmt/scan.go:683.8,683.24 1 171
fmt/scan.go:683.24,685.3 1 149
fmt/scan.go:688.16,690.3 1 0
fmt/scan.go:693.12,695.3 1 2
fmt/scan.go:702.34,705.56 2 273
fmt/scan.go:709.2,711.56 2 264
fmt/scan.go:714.2,716.37 3 237
fmt/scan.go:721.2,721.23 1 237
fmt/scan.go:724.2,724.22 1 237
fmt/scan.go:730.2,730.19 1 237
fmt/scan.go:737.2,737.22 1 237
fmt/scan.go:705.56,707.3 1 9
fmt/scan.go:711.56,713.3 1 27
fmt/scan.go:716.37,719.3 2 73
fmt/scan.go:721.24,722.3 0 267
fmt/scan.go:724.22,726.24 1 137
fmt/scan.go:726.25,727.4 0 200
fmt/scan.go:730.19,734.37 2 184
fmt/scan.go:734.38,735.4 0 237
fmt/scan.go:743.50,749.21 4 73
fmt/scan.go:753.2,755.20 3 73
fmt/scan.go:758.2,758.30 1 73
fmt/scan.go:761.2,761.30 1 73
fmt/scan.go:749.21,751.3 1 0
fmt/scan.go:755.20,757.3 1 0
fmt/scan.go:758.30,760.3 1 0
fmt/scan.go:764.26,765.30 1 101
fmt/scan.go:770.2,770.14 1 36
fmt/scan.go:765.30,766.33 1 403
fmt/scan.go:766.33,768.4 1 65
fmt/scan.go:774.54,778.52 1 272
fmt/scan.go:799.2,800.16 2 236
fmt/scan.go:803.2,803.10 1 231
fmt/scan.go:778.52,782.17 2 36
fmt/scan.go:789.3,790.17 2 36
fmt/scan.go:797.3,797.26 1 36
fmt/scan.go:782.17,784.44 1 0
fmt/scan.go:787.4,787.16 1 0
fmt/scan.go:784.44,786.5 1 0
fmt/scan.go:790.17,792.44 1 0
fmt/scan.go:795.4,795.16 1 0
fmt/scan.go:792.44,794.5 1 0
fmt/scan.go:800.16,802.3 1 5
fmt/scan.go:810.55,811.44 1 77
fmt/scan.go:814.2,819.28 6 77
fmt/scan.go:811.44,813.3 1 0
fmt/scan.go:824.52,825.40 1 128
fmt/scan.go:828.2,830.14 3 128
fmt/scan.go:838.2,838.8 1 110
fmt/scan.go:825.40,827.3 1 0
fmt/scan.go:831.11,832.25 1 6
fmt/scan.go:833.16,834.22 1 12
fmt/scan.go:835.10,836.40 1 93
fmt/scan.go:842.36,845.15 3 6
fmt/scan.go:879.2,879.11 1 0
fmt/scan.go:846.11,848.7 1 2
fmt/scan.go:855.3,855.23 1 2
fmt/scan.go:856.11,859.7 2 4
fmt/scan.go:871.3,872.17 2 4
fmt/scan.go:875.3,875.16 1 4
fmt/scan.go:876.10,877.42 1 0
fmt/scan.go:848.7,850.18 2 35
fmt/scan.go:853.4,853.22 1 33
fmt/scan.go:850.18,851.10 1 2
fmt/scan.go:859.7,862.17 3 57
fmt/scan.go:862.17,867.5 1 8
fmt/scan.go:867.10,867.23 1 49
fmt/scan.go:867.23,868.10 1 4
fmt/scan.go:872.17,874.4 1 0
fmt/scan.go:883.35,885.15 2 133
fmt/scan.go:893.2,893.18 1 8
fmt/scan.go:886.56,887.27 1 119
fmt/scan.go:888.36,889.32 1 3
fmt/scan.go:890.36,891.32 1 3
fmt/scan.go:899.42,901.18 2 74
fmt/scan.go:904.2,905.9 2 70
fmt/scan.go:909.2,910.9 2 63
fmt/scan.go:914.2,914.39 1 62
fmt/scan.go:901.18,903.3 1 4
fmt/scan.go:905.9,908.3 2 7
fmt/scan.go:910.9,913.3 2 1
fmt/scan.go:918.33,920.6 2 12
fmt/scan.go:927.2,927.21 1 11
fmt/scan.go:931.2,931.22 1 11
fmt/scan.go:920.6,922.10 2 74
fmt/scan.go:925.3,925.21 1 62
fmt/scan.go:922.10,923.9 1 11
fmt/scan.go:927.21,930.3 2 0
fmt/scan.go:944.28,947.20 3 12
fmt/scan.go:947.20,949.3 1 12
fmt/scan.go:953.42,957.32 3 3591
fmt/scan.go:968.2,968.25 1 2754
fmt/scan.go:957.32,959.17 2 837
fmt/scan.go:965.3,965.9 1 836
fmt/scan.go:959.17,960.21 1 1
fmt/scan.go:963.4,963.16 1 1
fmt/scan.go:960.21,962.5 1 1
fmt/scan.go:969.13,970.24 1 25
fmt/scan.go:971.18,972.42 1 12
fmt/scan.go:973.19,974.32 1 61
fmt/scan.go:975.12,976.37 1 1957
fmt/scan.go:977.13,978.32 1 55
fmt/scan.go:979.14,980.34 1 35
fmt/scan.go:981.14,982.34 1 56
fmt/scan.go:983.14,984.27 1 33
fmt/scan.go:985.13,986.39 1 59
fmt/scan.go:987.14,988.34 1 26
fmt/scan.go:989.15,990.36 1 10
fmt/scan.go:991.15,992.36 1 10
fmt/scan.go:993.15,994.28 1 9
fmt/scan.go:995.16,996.46 1 0
fmt/scan.go:999.16,1000.44 1 24
fmt/scan.go:1005.16,1006.44 1 103
fmt/scan.go:1011.15,1012.29 1 83
fmt/scan.go:1013.15,1016.37 1 23
fmt/scan.go:1017.10,1020.36 3 173
fmt/scan.go:1024.3,1024.36 1 172
fmt/scan.go:1000.44,1004.4 3 24
fmt/scan.go:1006.44,1010.4 3 103
fmt/scan.go:1020.36,1023.4 2 1
fmt/scan.go:1025.21,1026.31 1 20
fmt/scan.go:1027.79,1028.46 1 57
fmt/scan.go:1029.101,1030.48 1 65
fmt/scan.go:1031.23,1032.38 1 11
fmt/scan.go:1033.22,1036.42 2 11
fmt/scan.go:1039.4,1041.34 3 11
fmt/scan.go:1044.41,1047.63 3 4
fmt/scan.go:1048.46,1049.54 1 4
fmt/scan.go:1050.11,1051.60 1 0
fmt/scan.go:1036.42,1038.5 1 0
fmt/scan.go:1041.34,1043.5 1 28
fmt/scan.go:1057.32,1058.30 1 3502
fmt/scan.go:1058.30,1059.34 1 138
fmt/scan.go:1059.34,1061.4 1 96
fmt/scan.go:1061.9,1061.55 1 42
fmt/scan.go:1061.55,1063.4 1 42
fmt/scan.go:1063.9,1064.12 1 0
fmt/scan.go:1070.60,1072.24 2 2341
fmt/scan.go:1077.2,1077.15 1 2318
fmt/scan.go:1089.2,1089.8 1 2317
fmt/scan.go:1072.24,1075.3 2 2383
fmt/scan.go:1077.15,1078.7 1 347
fmt/scan.go:1078.7,1080.29 2 364
fmt/scan.go:1083.4,1083.19 1 18
fmt/scan.go:1080.29,1081.10 1 346
fmt/scan.go:1083.19,1085.10 2 1
fmt/scan.go:1100.45,1101.22 1 2225
fmt/scan.go:1176.2,1176.8 1 52
fmt/scan.go:1101.22,1110.20 2 3240
fmt/scan.go:1155.3,1155.18 1 3118
fmt/scan.go:1169.3,1170.21 2 998
fmt/scan.go:1174.3,1174.9 1 963
fmt/scan.go:1110.20,1113.41 3 122
fmt/scan.go:1123.4,1123.34 1 122
fmt/scan.go:1132.4,1132.21 1 120
fmt/scan.go:1151.4,1151.12 1 104
fmt/scan.go:1113.41,1114.21 1 163
fmt/scan.go:1120.5,1121.50 2 163
fmt/scan.go:1114.21,1117.6 2 55
fmt/scan.go:1117.11,1119.6 1 108
fmt/scan.go:1123.34,1125.43 2 55
fmt/scan.go:1128.5,1128.40 1 55
fmt/scan.go:1125.43,1127.6 1 24
fmt/scan.go:1128.40,1130.6 1 2
fmt/scan.go:1132.21,1134.22 2 84
fmt/scan.go:1144.5,1144.43 1 68
fmt/scan.go:1147.5,1147.22 1 68
fmt/scan.go:1134.22,1137.43 1 67
fmt/scan.go:1140.6,1140.24 1 53
fmt/scan.go:1137.43,1139.7 1 14
fmt/scan.go:1140.24,1142.7 1 2
fmt/scan.go:1144.43,1146.6 1 51
fmt/scan.go:1147.22,1149.6 1 57
fmt/scan.go:1155.18,1157.26 1 2137
fmt/scan.go:1161.4,1162.20 2 2133
fmt/scan.go:1165.4,1165.10 1 17
fmt/scan.go:1157.26,1159.5 1 4
fmt/scan.go:1162.20,1164.5 1 2116
fmt/scan.go:1170.21,1173.4 2 31
fmt/scan.go:1181.76,1185.24 3 1161
fmt/scan.go:1234.2,1234.27 1 1051
fmt/scan.go:1237.2,1237.8 1 1047
fmt/scan.go:1185.24,1187.12 2 2225
fmt/scan.go:1192.3,1192.23 1 1248
fmt/scan.go:1200.3,1205.18 4 1229
fmt/scan.go:1209.3,1212.15 3 1229
fmt/scan.go:1215.3,1215.15 1 1228
fmt/scan.go:1219.3,1220.46 2 1216
fmt/scan.go:1224.3,1224.29 1 1216
fmt/scan.go:1228.3,1232.23 4 1208
fmt/scan.go:1187.12,1189.12 2 951
fmt/scan.go:1192.23,1194.13 1 19
fmt/scan.go:1198.4,1198.9 1 0
fmt/scan.go:1194.13,1196.5 1 19
fmt/scan.go:1205.18,1207.4 1 1175
fmt/scan.go:1212.15,1214.4 1 1187
fmt/scan.go:1215.15,1217.12 2 12
fmt/scan.go:1220.46,1222.4 1 54
fmt/scan.go:1224.29,1226.9 2 8
fmt/scan.go:1234.27,1236.3 1 4
